<?xml version="1.0" encoding="UTF-8" ?>
<testsuite failures="0" time="0.059" errors="0" skipped="10" tests="10" name="edu.cdu.fptincds.alg.AlgorithmUtilTest">
  <properties>
    <property name="java.runtime.name" value="Java(TM) SE Runtime Environment"/>
    <property name="sun.boot.library.path" value="E:\dev\Java\jdk1.7.0_25\jre\bin"/>
    <property name="java.vm.version" value="23.25-b01"/>
    <property name="user.country.format" value="AU"/>
    <property name="java.vm.vendor" value="Oracle Corporation"/>
    <property name="java.vendor.url" value="http://java.oracle.com/"/>
    <property name="path.separator" value=";"/>
    <property name="guice.disable.misplaced.annotation.check" value="true"/>
    <property name="java.vm.name" value="Java HotSpot(TM) 64-Bit Server VM"/>
    <property name="file.encoding.pkg" value="sun.io"/>
    <property name="user.script" value=""/>
    <property name="user.country" value="CN"/>
    <property name="sun.java.launcher" value="SUN_STANDARD"/>
    <property name="sun.os.patch.level" value="Service Pack 1"/>
    <property name="java.vm.specification.name" value="Java Virtual Machine Specification"/>
    <property name="user.dir" value="E:\dev\workspace\incds"/>
    <property name="java.runtime.version" value="1.7.0_25-b17"/>
    <property name="java.awt.graphicsenv" value="sun.awt.Win32GraphicsEnvironment"/>
    <property name="java.endorsed.dirs" value="E:\dev\Java\jdk1.7.0_25\jre\lib\endorsed"/>
    <property name="os.arch" value="amd64"/>
    <property name="java.io.tmpdir" value="C:\Users\ADMINI~1\AppData\Local\Temp\"/>
    <property name="line.separator" value="
"/>
    <property name="java.vm.specification.vendor" value="Oracle Corporation"/>
    <property name="user.variant" value=""/>
    <property name="os.name" value="Windows 7"/>
    <property name="classworlds.conf" value="E:\dev\workspace\.metadata\.plugins\org.eclipse.m2e.launching\launches\m2conf5401621883935634075.tmp"/>
    <property name="sun.jnu.encoding" value="GBK"/>
    <property name="java.library.path" value="E:\dev\Java\jdk1.7.0_25\bin;C:\Windows\Sun\Java\bin;C:\Windows\system32;C:\Windows;E:/dev/Java/jdk1.7.0_25/bin/../jre/bin/server;E:/dev/Java/jdk1.7.0_25/bin/../jre/bin;E:/dev/Java/jdk1.7.0_25/bin/../jre/lib/amd64;C:\Windows\system32;C:\Windows;C:\Windows\System32\Wbem;C:\Windows\System32\WindowsPowerShell\v1.0\;C:\Program Files (x86)\Intel\OpenCL SDK\2.0\bin\x86;C:\Program Files (x86)\Intel\OpenCL SDK\2.0\bin\x64;E:\dev\Java\jdk1.7.0_25\bin;E:\dev\android-sdk\tools;C:\MinGW\bin;E:\CTEX\UserData\miktex\bin;E:\CTEX\MiKTeX\miktex\bin;E:\CTEX\CTeX\ctex\bin;E:\CTEX\CTeX\cct\bin;E:\CTEX\CTeX\ty\bin;E:\CTEX\Ghostscript\gs9.05\bin;E:\CTEX\GSview\gsview;E:\CTEX\WinEdt;D:\Program Files\nodejs\;C:\MinGW\bin;C:\Program Files (x86)\QuickTime\QTSystem\;D:\Program Files\R\R-3.0.2\bin\x64;E:\dev\apache-maven-3.1.0\bin;C:\Users\Administrator\AppData\Roaming\npm;E:\dev\eclipse;;."/>
    <property name="java.specification.name" value="Java Platform API Specification"/>
    <property name="java.class.version" value="51.0"/>
    <property name="sun.management.compiler" value="HotSpot 64-Bit Tiered Compilers"/>
    <property name="os.version" value="6.1"/>
    <property name="user.home" value="C:\Users\Administrator"/>
    <property name="user.timezone" value="Australia/Darwin"/>
    <property name="java.awt.printerjob" value="sun.awt.windows.WPrinterJob"/>
    <property name="java.specification.version" value="1.7"/>
    <property name="file.encoding" value="GBK"/>
    <property name="user.name" value="Administrator"/>
    <property name="java.class.path" value="/E:/dev/eclipse/configuration/org.eclipse.osgi/bundles/531/1/.cp/jars/plexus-classworlds-2.4.jar"/>
    <property name="java.vm.specification.version" value="1.7"/>
    <property name="sun.arch.data.model" value="64"/>
    <property name="java.home" value="E:\dev\Java\jdk1.7.0_25\jre"/>
    <property name="sun.java.command" value="org.codehaus.plexus.classworlds.launcher.Launcher -B -s E:\dev\apache-maven-3.1.0\conf\settings.xml install"/>
    <property name="java.specification.vendor" value="Oracle Corporation"/>
    <property name="user.language" value="zh"/>
    <property name="user.language.format" value="en"/>
    <property name="awt.toolkit" value="sun.awt.windows.WToolkit"/>
    <property name="java.vm.info" value="mixed mode"/>
    <property name="java.version" value="1.7.0_25"/>
    <property name="java.ext.dirs" value="E:\dev\Java\jdk1.7.0_25\jre\lib\ext;C:\Windows\Sun\Java\lib\ext"/>
    <property name="sun.boot.class.path" value="E:\dev\Java\jdk1.7.0_25\jre\lib\resources.jar;E:\dev\Java\jdk1.7.0_25\jre\lib\rt.jar;E:\dev\Java\jdk1.7.0_25\jre\lib\sunrsasign.jar;E:\dev\Java\jdk1.7.0_25\jre\lib\jsse.jar;E:\dev\Java\jdk1.7.0_25\jre\lib\jce.jar;E:\dev\Java\jdk1.7.0_25\jre\lib\charsets.jar;E:\dev\Java\jdk1.7.0_25\jre\lib\jfr.jar;E:\dev\Java\jdk1.7.0_25\jre\classes"/>
    <property name="java.vendor" value="Oracle Corporation"/>
    <property name="maven.home" value="E:\dev\workspace\incds\EMBEDDED"/>
    <property name="file.separator" value="\"/>
    <property name="java.vendor.url.bug" value="http://bugreport.sun.com/bugreport/"/>
    <property name="maven.bootclasspath" value="/E:/dev/eclipse/configuration/org.eclipse.osgi/bundles/531/1/.cp/jars/plexus-classworlds-2.4.jar"/>
    <property name="sun.cpu.endian" value="little"/>
    <property name="sun.io.unicode.encoding" value="UnicodeLittle"/>
    <property name="sun.desktop" value="windows"/>
    <property name="sun.cpu.isalist" value="amd64"/>
  </properties>
  <testcase time="0" classname="edu.cdu.fptincds.alg.AlgorithmUtilTest" name="testAddElementToList">
    <skipped/>
  </testcase>
  <testcase time="0.002" classname="edu.cdu.fptincds.alg.AlgorithmUtilTest" name="testGetDecFromBinArray">
    <skipped/>
  </testcase>
  <testcase time="0.002" classname="edu.cdu.fptincds.alg.AlgorithmUtilTest" name="testIsDS">
    <skipped/>
  </testcase>
  <testcase time="0.002" classname="edu.cdu.fptincds.alg.AlgorithmUtilTest" name="testArrayOr">
    <skipped/>
  </testcase>
  <testcase time="0.002" classname="edu.cdu.fptincds.alg.AlgorithmUtilTest" name="testHEdit_400">
    <skipped/>
  </testcase>
  <testcase time="0.002" classname="edu.cdu.fptincds.alg.AlgorithmUtilTest" name="testHEdit_600">
    <skipped/>
  </testcase>
  <testcase time="0.003" classname="edu.cdu.fptincds.alg.AlgorithmUtilTest" name="testGenerateRandGraph_100_03">
    <skipped/>
  </testcase>
  <testcase time="0.003" classname="edu.cdu.fptincds.alg.AlgorithmUtilTest" name="testGenerateRandGraph_50_01">
    <skipped/>
  </testcase>
  <testcase time="0.003" classname="edu.cdu.fptincds.alg.AlgorithmUtilTest" name="testGenerateRandGraph_50_03">
    <skipped/>
  </testcase>
  <testcase time="0.003" classname="edu.cdu.fptincds.alg.AlgorithmUtilTest" name="testHEdit_1000">
    <skipped/>
  </testcase>
</testsuite>